<?xml version="1.0" encoding="UTF-8"?>
<testsuite name="com.app.storage.persistence.repository.StorageItemRepositoryTest" tests="1" skipped="0" failures="0" errors="0" timestamp="2017-07-23T11:56:09" hostname="Josss-MacBook-Pro.local" time="0.213">
  <properties/>
  <testcase name="checkSave" classname="com.app.storage.persistence.repository.StorageItemRepositoryTest" time="0.213"/>
  <system-out><![CDATA[Hibernate: insert into StorageItem (DateStored, Image, Name, Size) values (?, ?, ?, ?)
Hibernate: SELECT * FROM StorageItem ORDER BY id DESC LIMIT 1
Hibernate: select storageite0_.id as id1_1_0_, storageite0_.DateStored as DateStor2_1_0_, storageite0_.Image as Image3_1_0_, storageite0_.Name as Name4_1_0_, storageite0_.Size as Size5_1_0_ from StorageItem storageite0_ where storageite0_.id=?
Hibernate: delete from StorageItem where id=?
]]></system-out>
  <system-err><![CDATA[SLF4J: Failed to load class "org.slf4j.impl.StaticLoggerBinder".
SLF4J: Defaulting to no-operation (NOP) logger implementation
SLF4J: See http://www.slf4j.org/codes.html#StaticLoggerBinder for further details.
Jul 23, 2017 12:56:07 PM org.hibernate.jpa.internal.util.LogHelper logPersistenceUnitInformation
INFO: HHH000204: Processing PersistenceUnitInfo [
	name: app_test
	...]
Jul 23, 2017 12:56:07 PM org.hibernate.Version logVersion
INFO: HHH000412: Hibernate Core {5.2.10.Final}
Jul 23, 2017 12:56:07 PM org.hibernate.cfg.Environment <clinit>
INFO: HHH000206: hibernate.properties not found
Jul 23, 2017 12:56:07 PM org.hibernate.annotations.common.reflection.java.JavaReflectionManager <clinit>
INFO: HCANN000001: Hibernate Commons Annotations {5.0.1.Final}
Jul 23, 2017 12:56:07 PM org.hibernate.dialect.Dialect <init>
INFO: HHH000400: Using dialect: org.hibernate.dialect.MySQLDialect
Jul 23, 2017 12:56:08 PM org.hibernate.validator.internal.util.Version <clinit>
INFO: HV000001: Hibernate Validator 5.4.1.Final
]]></system-err>
</testsuite>
