<?xml version="1.0" encoding="UTF-8"?>
<testsuite name="com.app.storage.persistence.service.UserPersistenceServiceTest" tests="2" skipped="0" failures="0" errors="0" timestamp="2017-07-22T11:36:32" hostname="Josss-MacBook-Pro.local" time="0.061">
  <properties/>
  <testcase name="loadByUsernameTest" classname="com.app.storage.persistence.service.UserPersistenceServiceTest" time="0.033"/>
  <testcase name="saveUserTest" classname="com.app.storage.persistence.service.UserPersistenceServiceTest" time="0.026"/>
  <system-out><![CDATA[]]></system-out>
  <system-err><![CDATA[]]></system-err>
</testsuite>
