<?xml version="1.0" encoding="UTF-8"?>
<testsuite name="com.app.storage.controller.mapper.StorageItemControllerMapperTest" tests="4" skipped="0" failures="0" errors="0" timestamp="2017-07-23T11:56:05" hostname="Josss-MacBook-Pro.local" time="0.042">
  <properties/>
  <testcase name="mapToStorageItemTest" classname="com.app.storage.controller.mapper.StorageItemControllerMapperTest" time="0.014"/>
  <testcase name="mapFromStorageItemTest" classname="com.app.storage.controller.mapper.StorageItemControllerMapperTest" time="0.0"/>
  <testcase name="checkMapList" classname="com.app.storage.controller.mapper.StorageItemControllerMapperTest" time="0.001"/>
  <testcase name="checkMapEmptyObject" classname="com.app.storage.controller.mapper.StorageItemControllerMapperTest" time="0.0"/>
  <system-out><![CDATA[]]></system-out>
  <system-err><![CDATA[SLF4J: Failed to load class "org.slf4j.impl.StaticLoggerBinder".
SLF4J: Defaulting to no-operation (NOP) logger implementation
SLF4J: See http://www.slf4j.org/codes.html#StaticLoggerBinder for further details.
]]></system-err>
</testsuite>
