<?xml version="1.0" encoding="UTF-8"?>
<testsuite name="com.app.storage.persistence.mapper.StorageItemPersistenceMapperTest" tests="6" skipped="0" failures="0" errors="0" timestamp="2017-07-23T11:56:10" hostname="Josss-MacBook-Pro.local" time="0.03">
  <properties/>
  <testcase name="checkNullMapTo" classname="com.app.storage.persistence.mapper.StorageItemPersistenceMapperTest" time="0.001"/>
  <testcase name="checkFullModelMapFrom" classname="com.app.storage.persistence.mapper.StorageItemPersistenceMapperTest" time="0.002"/>
  <testcase name="checkFullModelMap" classname="com.app.storage.persistence.mapper.StorageItemPersistenceMapperTest" time="0.001"/>
  <testcase name="listMapperTest" classname="com.app.storage.persistence.mapper.StorageItemPersistenceMapperTest" time="0.001"/>
  <testcase name="checkNullMapFrom" classname="com.app.storage.persistence.mapper.StorageItemPersistenceMapperTest" time="0.0"/>
  <testcase name="mapNullList" classname="com.app.storage.persistence.mapper.StorageItemPersistenceMapperTest" time="0.0"/>
  <system-out><![CDATA[]]></system-out>
  <system-err><![CDATA[]]></system-err>
</testsuite>
