<?xml version="1.0" encoding="UTF-8"?>
<testsuite name="com.app.storage.persistence.mapper.UserPersistenceMapperTest" tests="2" skipped="0" failures="0" errors="0" timestamp="2017-07-23T10:07:26" hostname="Josss-MacBook-Pro.local" time="0.001">
  <properties/>
  <testcase name="fullMapFromTest" classname="com.app.storage.persistence.mapper.UserPersistenceMapperTest" time="0.001"/>
  <testcase name="fullMapperToTest" classname="com.app.storage.persistence.mapper.UserPersistenceMapperTest" time="0.0"/>
  <system-out><![CDATA[]]></system-out>
  <system-err><![CDATA[]]></system-err>
</testsuite>
