<?xml version="1.0" encoding="UTF-8"?>
<testsuite name="com.app.storage.persistence.mapper.RolePersistenceMapperTest" tests="2" skipped="0" failures="0" errors="0" timestamp="2017-07-23T10:07:26" hostname="Josss-MacBook-Pro.local" time="0.013">
  <properties/>
  <testcase name="fullMapFromTest" classname="com.app.storage.persistence.mapper.RolePersistenceMapperTest" time="0.012"/>
  <testcase name="fullMapperToTest" classname="com.app.storage.persistence.mapper.RolePersistenceMapperTest" time="0.001"/>
  <system-out><![CDATA[]]></system-out>
  <system-err><![CDATA[SLF4J: Failed to load class "org.slf4j.impl.StaticLoggerBinder".
SLF4J: Defaulting to no-operation (NOP) logger implementation
SLF4J: See http://www.slf4j.org/codes.html#StaticLoggerBinder for further details.
]]></system-err>
</testsuite>
